<?xml version="1.0" encoding="UTF-8"?>
<!-- Generated by org.testng.reporters.JUnitReportReporter -->
<testsuite hostname="EG-5CG9363CLN" failures="0" tests="5" name="TestAss.TestPostsbyID" time="26.690" errors="0" timestamp="2021-01-28T02:30:57 EET" skipped="0">
  <testcase classname="TestAss.TestPostsbyID" name="extractData" time="9.424"/>
  <system-out/>
  <testcase classname="TestAss.TestPostsbyID" name="checkStatusCode_expectHttp200" time="1.198"/>
  <system-out/>
  <testcase classname="TestAss.TestPostsbyID" name="ChecklogRequestAndResponseDetails" time="12.159"/>
  <system-out/>
  <testcase classname="TestAss.TestPostsbyID" name="checkContentType_PostsAPI" time="2.506"/>
  <system-out/>
  <testcase classname="TestAss.TestPostsbyID" name="validateDataInResponeBody" time="1.403"/>
  <system-out/>
</testsuite> <!-- TestAss.TestPostsbyID -->
