<?xml version="1.0" encoding="UTF-8"?>
<!-- Generated by org.testng.reporters.JUnitReportReporter -->
<testsuite hostname="EG-5CG9363CLN" failures="0" tests="5" name="TestAss.TestPosts" time="34.086" errors="0" timestamp="2021-01-28T02:55:57 EET" skipped="0">
  <testcase classname="TestAss.TestPosts" name="checkContentType_PostsAPI" time="3.550"/>
  <system-out/>
  <testcase classname="TestAss.TestPosts" name="extractData" time="1.009"/>
  <system-out/>
  <testcase classname="TestAss.TestPosts" name="checkStatusCode_expectHttp200" time="1.013"/>
  <system-out/>
  <testcase classname="TestAss.TestPosts" name="ChecklogRequestAndResponseDetails" time="18.272"/>
  <system-out/>
  <testcase classname="TestAss.TestPosts" name="checkNumberOfPostsIDsInResponseBody_expect100" time="10.242"/>
  <system-out/>
</testsuite> <!-- TestAss.TestPosts -->
